[2026-03-09 11:07:14] stop-check: 未コミット変更あり（root-project）
[2026-03-09 11:09:07] stop-check: 未コミット変更あり（dev-journal）
[2026-03-09 11:12:31] stop-check: 未コミット変更あり（dev-journal）
[2026-03-09 12:41:03] stop-check: 未コミット変更あり（dev-journal）
[2026-03-09 12:41:50] stop-check: 未コミット変更あり（dev-journal）
[2026-03-09 13:14:54] stop-check: 未コミット変更あり（dev-journal）
[2026-03-09 13:15:57] stop-check: 未コミット変更あり（dev-journal）
[2026-03-09 13:53:59] stop-check: 未コミット変更あり（root-project, dev-journal）
[2026-03-09 13:58:43] stop-check: 未コミット変更あり（root-project）
[2026-03-09 14:00:45] stop-check: 未コミット変更あり（root-project, dev-journal）
[2026-03-09 14:02:08] stop-check: 未コミット変更あり（dev-journal）
[2026-03-09 14:02:34] stop-check: 未コミット変更あり（dev-journal）
[2026-03-09 14:03:51] stop-check: 未コミット変更あり（dev-journal）
[2026-03-09 14:06:54] stop-check: 未コミット変更あり（root-project, dev-journal）
[2026-03-09 14:09:41] stop-check: 未コミット変更あり（root-project, dev-journal）
[2026-03-10 13:37:58] stop-check: ループ回避スキップ（dev-journal）
[2026-03-10 15:34:57] stop-check: ループ回避スキップ（ai-dev-framework, dev-journal）
[2026-03-10 15:37:48] stop-check: ループ回避スキップ（ai-dev-framework, dev-journal）
[2026-03-10 15:38:20] stop-check: ループ回避スキップ（ai-dev-framework, dev-journal）
[2026-03-10 15:39:15] stop-check: ループ回避スキップ（ai-dev-framework, dev-journal）
[2026-03-10 15:41:07] stop-check: ループ回避スキップ（ai-dev-framework, dev-journal）
[2026-03-10 15:41:21] stop-check: ループ回避スキップ（ai-dev-framework, dev-journal）
[2026-03-10 15:44:58] stop-check: ループ回避スキップ（ai-dev-framework, dev-journal）
[2026-03-10 15:53:55] stop-check: ループ回避スキップ（root-project）
[2026-03-10 15:54:26] stop-check: ループ回避スキップ（root-project, dev-journal）
[2026-03-10 18:52:28] stop-check: ループ回避スキップ（root-project, dev-journal）
[2026-03-10 18:57:05] stop-check: ループ回避スキップ（dev-journal）
[2026-03-10 20:24:30] stop-check: ループ回避スキップ（root-project）
[2026-03-11 17:32:03] stop-check: ループ回避スキップ（root-project, dev-journal）
[2026-03-11 23:38:15] stop-check: 未コミット変更あり（root-project）
[2026-03-11 23:38:28] stop-check: 未コミット変更あり（dev-journal）
[2026-03-11 23:40:58] stop-check: 未コミット変更あり（root-project）
[2026-03-11 23:41:20] stop-check: 未コミット変更あり（dev-journal）
[2026-03-12 08:30:17] stop-check: 未コミット変更あり（dev-journal）
[2026-03-12 14:30:21] stop-check: 未コミット変更あり（root-project）
[2026-03-12 14:46:54] stop-check: 未コミット変更あり（root-project）
[2026-03-12 14:49:21] stop-check: 未コミット変更あり（root-project, dev-journal）
[2026-03-12 14:51:36] stop-check: ループ回避スキップ（root-project, dev-journal）
[2026-03-12 14:53:47] stop-check: 未コミット変更あり（root-project, dev-journal）
[2026-03-12 14:53:49] stop-check: 未コミット変更あり（root-project, dev-journal）
[2026-03-12 14:53:51] stop-check: ループ回避スキップ（root-project, dev-journal）
[2026-03-12 14:56:01] stop-check: 未コミット変更あり（root-project, dev-journal）
[2026-03-12 14:56:03] stop-check: 未コミット変更あり（root-project, dev-journal）
[2026-03-12 14:56:05] stop-check: ループ回避スキップ（root-project, dev-journal）
[2026-03-12 14:58:44] stop-check: 未コミット変更あり（root-project, ai-dev-framework, dev-journal）
[2026-03-12 14:58:46] stop-check: 未コミット変更あり（root-project, ai-dev-framework, dev-journal）
[2026-03-12 14:58:48] stop-check: ループ回避スキップ（root-project, ai-dev-framework, dev-journal）
[2026-03-12 15:00:38] stop-check: 未コミット変更あり（root-project, ai-dev-framework, dev-journal）
[2026-03-12 15:00:40] stop-check: 未コミット変更あり（root-project, ai-dev-framework, dev-journal）
[2026-03-12 15:00:42] stop-check: ループ回避スキップ（root-project, ai-dev-framework, dev-journal）
[2026-03-12 15:06:02] stop-check: 未コミット変更あり（root-project, ai-dev-framework, dev-journal）
[2026-03-12 15:06:24] stop-check: 未コミット変更あり（root-project, ai-dev-framework, dev-journal）
[2026-03-12 15:06:50] stop-check: ループ回避スキップ（root-project, ai-dev-framework, dev-journal）
[2026-03-12 15:10:09] stop-check: 未コミット変更あり（root-project, ai-dev-framework, dev-journal）
[2026-03-12 15:10:15] stop-check: 未コミット変更あり（root-project, ai-dev-framework, dev-journal）
[2026-03-12 15:10:19] stop-check: ループ回避スキップ（root-project, ai-dev-framework, dev-journal）
[2026-03-12 15:11:30] stop-check: 未コミット変更あり（root-project, ai-dev-framework, dev-journal）
[2026-03-12 15:11:32] stop-check: 未コミット変更あり（root-project, ai-dev-framework, dev-journal）
[2026-03-12 15:11:34] stop-check: ループ回避スキップ（root-project, ai-dev-framework, dev-journal）
[2026-03-12 15:15:24] stop-check: 未コミット変更あり（root-project）
[2026-03-12 15:16:13] stop-check: 未コミット変更あり（root-project）
[2026-03-12 15:16:15] stop-check: ループ回避スキップ（root-project）
[2026-03-12 15:29:24] stop-check: 未コミット変更あり（root-project, dev-journal）
[2026-03-12 15:31:03] stop-check: 未コミット変更あり（root-project, dev-journal）
